  [1m[35m (0.0ms)[0m  [1m[34mSELECT sqlite_version(*)[0m
  [1m[35m (25.1ms)[0m  [1m[35mCREATE TABLE "schema_migrations" ("version" varchar NOT NULL PRIMARY KEY)[0m
  [1m[35m (15.0ms)[0m  [1m[35mCREATE TABLE "ar_internal_metadata" ("key" varchar NOT NULL PRIMARY KEY, "value" varchar, "created_at" datetime NOT NULL, "updated_at" datetime NOT NULL)[0m
  [1m[35m (0.0ms)[0m  [1m[34mSELECT "schema_migrations"."version" FROM "schema_migrations" ORDER BY "schema_migrations"."version" ASC[0m
Migrating to CreateUsers (20190109164335)
  [1m[35m (0.0ms)[0m  [1m[36mbegin transaction[0m
  [1m[35m (0.0ms)[0m  [1m[35mCREATE TABLE "users" ("id" INTEGER PRIMARY KEY AUTOINCREMENT NOT NULL, "email" varchar, "password" varchar, "username" varchar, "admin" boolean, "created_at" datetime NOT NULL, "updated_at" datetime NOT NULL)[0m
  [1m[35mSQL (0.0ms)[0m  [1m[32mINSERT INTO "schema_migrations" ("version") VALUES (?)[0m  [["version", "20190109164335"]]
  [1m[35m (29.8ms)[0m  [1m[36mcommit transaction[0m
Migrating to CreateRestaurants (20190109164431)
  [1m[35m (0.0ms)[0m  [1m[36mbegin transaction[0m
  [1m[35m (0.0ms)[0m  [1m[31mrollback transaction[0m
  [1m[35m (0.0ms)[0m  [1m[34mSELECT "schema_migrations"."version" FROM "schema_migrations" ORDER BY "schema_migrations"."version" ASC[0m
  [1m[35m (0.0ms)[0m  [1m[34mSELECT "ar_internal_metadata"."value" FROM "ar_internal_metadata" WHERE "ar_internal_metadata"."key" = ?[0m  [["key", "environment"]]
  [1m[35m (0.0ms)[0m  [1m[34mSELECT sqlite_version(*)[0m
  [1m[35m (15.6ms)[0m  [1m[35mCREATE TABLE "schema_migrations" ("version" varchar NOT NULL PRIMARY KEY)[0m
  [1m[35m (14.0ms)[0m  [1m[35mCREATE TABLE "ar_internal_metadata" ("key" varchar NOT NULL PRIMARY KEY, "value" varchar, "created_at" datetime NOT NULL, "updated_at" datetime NOT NULL)[0m
  [1m[35m (1.0ms)[0m  [1m[34mSELECT "schema_migrations"."version" FROM "schema_migrations" ORDER BY "schema_migrations"."version" ASC[0m
Migrating to CreateUsers (20190109164335)
  [1m[35m (0.0ms)[0m  [1m[36mbegin transaction[0m
  [1m[35m (15.6ms)[0m  [1m[35mCREATE TABLE "users" ("id" INTEGER PRIMARY KEY AUTOINCREMENT NOT NULL, "email" varchar, "password" varchar, "username" varchar, "admin" boolean, "created_at" datetime NOT NULL, "updated_at" datetime NOT NULL)[0m
  [1m[35mSQL (0.0ms)[0m  [1m[32mINSERT INTO "schema_migrations" ("version") VALUES (?)[0m  [["version", "20190109164335"]]
  [1m[35m (7.0ms)[0m  [1m[36mcommit transaction[0m
Migrating to CreateRestaurants (20190109164431)
  [1m[35m (1.0ms)[0m  [1m[36mbegin transaction[0m
  [1m[35m (0.0ms)[0m  [1m[31mrollback transaction[0m
  [1m[35m (0.0ms)[0m  [1m[34mSELECT "schema_migrations"."version" FROM "schema_migrations" ORDER BY "schema_migrations"."version" ASC[0m
Migrating to CreateRestaurants (20190109164431)
  [1m[35m (0.0ms)[0m  [1m[36mbegin transaction[0m
  [1m[35m (0.0ms)[0m  [1m[34mSELECT sqlite_version(*)[0m
  [1m[35m (15.6ms)[0m  [1m[35mCREATE TABLE "restaurants" ("id" INTEGER PRIMARY KEY AUTOINCREMENT NOT NULL, "title" varchar, "description" text, "user_id" integer, "address" varchar, "telephone" decimal, "created_at" datetime NOT NULL, "updated_at" datetime NOT NULL, CONSTRAINT "fk_rails_aef57e41ec"
FOREIGN KEY ("user_id")
  REFERENCES "users" ("id")
)[0m
  [1m[35m (0.0ms)[0m  [1m[35mCREATE  INDEX "index_restaurants_on_user_id" ON "restaurants" ("user_id")[0m
  [1m[35mSQL (0.0ms)[0m  [1m[32mINSERT INTO "schema_migrations" ("version") VALUES (?)[0m  [["version", "20190109164431"]]
  [1m[35m (8.0ms)[0m  [1m[36mcommit transaction[0m
Migrating to CreateComments (20190109172512)
  [1m[35m (0.0ms)[0m  [1m[36mbegin transaction[0m
  [1m[35m (5.0ms)[0m  [1m[35mCREATE TABLE "comments" ("id" INTEGER PRIMARY KEY AUTOINCREMENT NOT NULL, "title" varchar, "text" text, "score" decimal, "user_id" integer, "created_at" datetime NOT NULL, "updated_at" datetime NOT NULL, CONSTRAINT "fk_rails_03de2dc08c"
FOREIGN KEY ("user_id")
  REFERENCES "users" ("id")
)[0m
  [1m[35m (0.0ms)[0m  [1m[35mCREATE  INDEX "index_comments_on_user_id" ON "comments" ("user_id")[0m
  [1m[35mSQL (0.0ms)[0m  [1m[32mINSERT INTO "schema_migrations" ("version") VALUES (?)[0m  [["version", "20190109172512"]]
  [1m[35m (13.0ms)[0m  [1m[36mcommit transaction[0m
  [1m[36mActiveRecord::InternalMetadata Load (0.0ms)[0m  [1m[34mSELECT  "ar_internal_metadata".* FROM "ar_internal_metadata" WHERE "ar_internal_metadata"."key" = ? LIMIT ?[0m  [["key", "environment"], ["LIMIT", 1]]
  [1m[35m (0.0ms)[0m  [1m[36mbegin transaction[0m
  [1m[35mSQL (5.0ms)[0m  [1m[32mINSERT INTO "ar_internal_metadata" ("key", "value", "created_at", "updated_at") VALUES (?, ?, ?, ?)[0m  [["key", "environment"], ["value", "development"], ["created_at", "2019-01-09 17:29:45.760006"], ["updated_at", "2019-01-09 17:29:45.760006"]]
  [1m[35m (11.0ms)[0m  [1m[36mcommit transaction[0m
  [1m[35m (0.0ms)[0m  [1m[34mSELECT "schema_migrations"."version" FROM "schema_migrations" ORDER BY "schema_migrations"."version" ASC[0m
  [1m[35m (0.0ms)[0m  [1m[34m            SELECT sql
            FROM sqlite_master
            WHERE name='index_comments_on_user_id' AND type='index'
            UNION ALL
            SELECT sql
            FROM sqlite_temp_master
            WHERE name='index_comments_on_user_id' AND type='index'
[0m
  [1m[35m (0.0ms)[0m  [1m[34m            SELECT sql
            FROM sqlite_master
            WHERE name='index_restaurants_on_user_id' AND type='index'
            UNION ALL
            SELECT sql
            FROM sqlite_temp_master
            WHERE name='index_restaurants_on_user_id' AND type='index'
[0m
  [1m[35m (0.0ms)[0m  [1m[34mSELECT "schema_migrations"."version" FROM "schema_migrations" ORDER BY "schema_migrations"."version" ASC[0m
  [1m[35mSQL (0.0ms)[0m  [1m[31mDELETE FROM "users"[0m
  [1m[35mSQL (0.0ms)[0m  [1m[31mDELETE FROM "restaurants"[0m
  [1m[35mSQL (0.0ms)[0m  [1m[31mDELETE FROM "comments"[0m
  [1m[35m (0.0ms)[0m  [1m[36mbegin transaction[0m
  [1m[35mSQL (0.0ms)[0m  [1m[32mINSERT INTO "users" ("email", "password", "username", "admin", "created_at", "updated_at") VALUES (?, ?, ?, ?, ?, ?)[0m  [["email", "Mofitex16@gmail.com"], ["password", "12345aA"], ["username", "Mofitex"], ["admin", "t"], ["created_at", "2019-01-09 17:30:00.244852"], ["updated_at", "2019-01-09 17:30:00.244852"]]
  [1m[35m (13.8ms)[0m  [1m[36mcommit transaction[0m
  [1m[35m (0.0ms)[0m  [1m[36mbegin transaction[0m
  [1m[35mSQL (4.0ms)[0m  [1m[32mINSERT INTO "users" ("email", "password", "username", "admin", "created_at", "updated_at") VALUES (?, ?, ?, ?, ?, ?)[0m  [["email", "testmail@gmail.com"], ["password", "12345aA"], ["username", "Deki"], ["admin", "t"], ["created_at", "2019-01-09 17:30:00.275274"], ["updated_at", "2019-01-09 17:30:00.275274"]]
  [1m[35m (9.0ms)[0m  [1m[36mcommit transaction[0m
  [1m[35m (1.0ms)[0m  [1m[36mbegin transaction[0m
  [1m[35m (1.0ms)[0m  [1m[31mrollback transaction[0m
  [1m[35m (0.0ms)[0m  [1m[36mbegin transaction[0m
  [1m[35mSQL (0.0ms)[0m  [1m[32mINSERT INTO "restaurants" ("title", "user_id", "address", "telephone", "created_at", "updated_at") VALUES (?, ?, ?, ?, ?, ?)[0m  [["title", "mofitex's pizzas"], ["user_id", 1], ["address", "calle 1"], ["telephone", 610210293.0], ["created_at", "2019-01-09 17:30:00.342235"], ["updated_at", "2019-01-09 17:30:00.342235"]]
  [1m[35m (15.4ms)[0m  [1m[36mcommit transaction[0m
  [1m[35m (0.0ms)[0m  [1m[36mbegin transaction[0m
  [1m[35mSQL (3.0ms)[0m  [1m[32mINSERT INTO "restaurants" ("title", "user_id", "address", "telephone", "created_at", "updated_at") VALUES (?, ?, ?, ?, ?, ?)[0m  [["title", "Deki's pizzas"], ["user_id", 2], ["address", "calle 2"], ["telephone", 693583094.0], ["created_at", "2019-01-09 17:30:00.359683"], ["updated_at", "2019-01-09 17:30:00.359683"]]
  [1m[35m (8.0ms)[0m  [1m[36mcommit transaction[0m
  [1m[35m (0.0ms)[0m  [1m[36mbegin transaction[0m
  [1m[35mSQL (6.0ms)[0m  [1m[32mINSERT INTO "restaurants" ("title", "address", "telephone", "created_at", "updated_at") VALUES (?, ?, ?, ?, ?)[0m  [["title", "qwerty's pizzas"], ["address", "calle 3"], ["telephone", 602893492.0], ["created_at", "2019-01-09 17:30:00.374674"], ["updated_at", "2019-01-09 17:30:00.374674"]]
  [1m[35m (7.0ms)[0m  [1m[36mcommit transaction[0m
  [1m[35m (0.0ms)[0m  [1m[36mbegin transaction[0m
  [1m[35mSQL (7.0ms)[0m  [1m[32mINSERT INTO "comments" ("title", "text", "score", "user_id", "created_at", "updated_at") VALUES (?, ?, ?, ?, ?, ?)[0m  [["title", "basura de pizzas"], ["text", "la peor pizza que he probado..."], ["score", 0.0], ["user_id", 1], ["created_at", "2019-01-09 17:30:00.402658"], ["updated_at", "2019-01-09 17:30:00.402658"]]
  [1m[35m (14.0ms)[0m  [1m[36mcommit transaction[0m
  [1m[35m (0.0ms)[0m  [1m[36mbegin transaction[0m
  [1m[35mSQL (6.0ms)[0m  [1m[32mINSERT INTO "comments" ("title", "text", "score", "user_id", "created_at", "updated_at") VALUES (?, ?, ?, ?, ?, ?)[0m  [["title", "asdf"], ["text", "no esta mal, le falta sal"], ["score", 9.0], ["user_id", 2], ["created_at", "2019-01-09 17:30:00.428643"], ["updated_at", "2019-01-09 17:30:00.428643"]]
  [1m[35m (9.0ms)[0m  [1m[36mcommit transaction[0m
  [1m[35m (0.0ms)[0m  [1m[36mbegin transaction[0m
  [1m[35mSQL (8.0ms)[0m  [1m[32mINSERT INTO "comments" ("title", "text", "score", "created_at", "updated_at") VALUES (?, ?, ?, ?, ?)[0m  [["title", "la mejor pizza :D"], ["text", "best pizza EUW"], ["score", 10.0], ["created_at", "2019-01-09 17:30:00.446634"], ["updated_at", "2019-01-09 17:30:00.446634"]]
  [1m[35m (13.0ms)[0m  [1m[36mcommit transaction[0m
  [1m[36mUser Load (0.0ms)[0m  [1m[34mSELECT  "users".* FROM "users" LIMIT ?[0m  [["LIMIT", 11]]
  [1m[36mRestaurant Load (0.0ms)[0m  [1m[34mSELECT  "restaurants".* FROM "restaurants" LIMIT ?[0m  [["LIMIT", 11]]
  [1m[36mComment Load (0.0ms)[0m  [1m[34mSELECT  "comments".* FROM "comments" LIMIT ?[0m  [["LIMIT", 11]]
  [1m[35m (0.0ms)[0m  [1m[34mSELECT sqlite_version(*)[0m
  [1m[35m (15.8ms)[0m  [1m[35mCREATE TABLE "schema_migrations" ("version" varchar NOT NULL PRIMARY KEY)[0m
  [1m[35m (12.0ms)[0m  [1m[35mCREATE TABLE "ar_internal_metadata" ("key" varchar NOT NULL PRIMARY KEY, "value" varchar, "created_at" datetime NOT NULL, "updated_at" datetime NOT NULL)[0m
  [1m[35m (0.0ms)[0m  [1m[34mSELECT "schema_migrations"."version" FROM "schema_migrations" ORDER BY "schema_migrations"."version" ASC[0m
Migrating to CreateUsers (20190109164335)
  [1m[35m (0.0ms)[0m  [1m[36mbegin transaction[0m
  [1m[35m (15.6ms)[0m  [1m[35mCREATE TABLE "users" ("id" INTEGER PRIMARY KEY AUTOINCREMENT NOT NULL, "email" varchar, "password" varchar, "username" varchar, "admin" boolean, "created_at" datetime NOT NULL, "updated_at" datetime NOT NULL)[0m
  [1m[35mSQL (0.0ms)[0m  [1m[32mINSERT INTO "schema_migrations" ("version") VALUES (?)[0m  [["version", "20190109164335"]]
  [1m[35m (18.5ms)[0m  [1m[36mcommit transaction[0m
Migrating to CreateRestaurants (20190109164431)
  [1m[35m (0.0ms)[0m  [1m[36mbegin transaction[0m
  [1m[35m (5.0ms)[0m  [1m[35mCREATE TABLE "restaurants" ("id" INTEGER PRIMARY KEY AUTOINCREMENT NOT NULL, "title" varchar, "description" text, "user_id" integer, "address" varchar, "telephone" decimal, "created_at" datetime NOT NULL, "updated_at" datetime NOT NULL, CONSTRAINT "fk_rails_aef57e41ec"
FOREIGN KEY ("user_id")
  REFERENCES "users" ("id")
)[0m
  [1m[35m (0.0ms)[0m  [1m[35mCREATE  INDEX "index_restaurants_on_user_id" ON "restaurants" ("user_id")[0m
  [1m[35mSQL (0.0ms)[0m  [1m[32mINSERT INTO "schema_migrations" ("version") VALUES (?)[0m  [["version", "20190109164431"]]
  [1m[35m (15.0ms)[0m  [1m[36mcommit transaction[0m
Migrating to CreateComments (20190109172512)
  [1m[35m (0.0ms)[0m  [1m[36mbegin transaction[0m
  [1m[35m (4.0ms)[0m  [1m[35mCREATE TABLE "comments" ("id" INTEGER PRIMARY KEY AUTOINCREMENT NOT NULL, "title" varchar, "text" text, "score" decimal, "user_id" integer, "created_at" datetime NOT NULL, "updated_at" datetime NOT NULL, CONSTRAINT "fk_rails_03de2dc08c"
FOREIGN KEY ("user_id")
  REFERENCES "users" ("id")
)[0m
  [1m[35m (0.0ms)[0m  [1m[35mCREATE  INDEX "index_comments_on_user_id" ON "comments" ("user_id")[0m
  [1m[35mSQL (1.0ms)[0m  [1m[32mINSERT INTO "schema_migrations" ("version") VALUES (?)[0m  [["version", "20190109172512"]]
  [1m[35m (9.0ms)[0m  [1m[36mcommit transaction[0m
  [1m[36mActiveRecord::InternalMetadata Load (0.0ms)[0m  [1m[34mSELECT  "ar_internal_metadata".* FROM "ar_internal_metadata" WHERE "ar_internal_metadata"."key" = ? LIMIT ?[0m  [["key", "environment"], ["LIMIT", 1]]
  [1m[35m (0.0ms)[0m  [1m[36mbegin transaction[0m
  [1m[35mSQL (7.0ms)[0m  [1m[32mINSERT INTO "ar_internal_metadata" ("key", "value", "created_at", "updated_at") VALUES (?, ?, ?, ?)[0m  [["key", "environment"], ["value", "development"], ["created_at", "2019-01-09 17:33:02.927614"], ["updated_at", "2019-01-09 17:33:02.927614"]]
  [1m[35m (7.0ms)[0m  [1m[36mcommit transaction[0m
  [1m[35m (0.0ms)[0m  [1m[34mSELECT "schema_migrations"."version" FROM "schema_migrations" ORDER BY "schema_migrations"."version" ASC[0m
  [1m[35m (0.0ms)[0m  [1m[34m            SELECT sql
            FROM sqlite_master
            WHERE name='index_comments_on_user_id' AND type='index'
            UNION ALL
            SELECT sql
            FROM sqlite_temp_master
            WHERE name='index_comments_on_user_id' AND type='index'
[0m
  [1m[35m (0.0ms)[0m  [1m[34m            SELECT sql
            FROM sqlite_master
            WHERE name='index_restaurants_on_user_id' AND type='index'
            UNION ALL
            SELECT sql
            FROM sqlite_temp_master
            WHERE name='index_restaurants_on_user_id' AND type='index'
[0m
  [1m[35m (0.0ms)[0m  [1m[34mSELECT "schema_migrations"."version" FROM "schema_migrations" ORDER BY "schema_migrations"."version" ASC[0m
  [1m[35mSQL (0.0ms)[0m  [1m[31mDELETE FROM "users"[0m
  [1m[35mSQL (0.0ms)[0m  [1m[31mDELETE FROM "restaurants"[0m
  [1m[35mSQL (0.0ms)[0m  [1m[31mDELETE FROM "comments"[0m
  [1m[35m (0.0ms)[0m  [1m[36mbegin transaction[0m
  [1m[35mSQL (0.0ms)[0m  [1m[32mINSERT INTO "users" ("email", "password", "username", "admin", "created_at", "updated_at") VALUES (?, ?, ?, ?, ?, ?)[0m  [["email", "Mofitex16@gmail.com"], ["password", "12345aA"], ["username", "Mofitex"], ["admin", "t"], ["created_at", "2019-01-09 17:33:11.264303"], ["updated_at", "2019-01-09 17:33:11.264303"]]
  [1m[35m (21.3ms)[0m  [1m[36mcommit transaction[0m
  [1m[35m (0.0ms)[0m  [1m[36mbegin transaction[0m
  [1m[35mSQL (3.0ms)[0m  [1m[32mINSERT INTO "users" ("email", "password", "username", "admin", "created_at", "updated_at") VALUES (?, ?, ?, ?, ?, ?)[0m  [["email", "testmail@gmail.com"], ["password", "12345aA"], ["username", "Deki"], ["admin", "t"], ["created_at", "2019-01-09 17:33:11.286553"], ["updated_at", "2019-01-09 17:33:11.286553"]]
  [1m[35m (15.0ms)[0m  [1m[36mcommit transaction[0m
  [1m[35m (0.0ms)[0m  [1m[36mbegin transaction[0m
  [1m[35m (0.0ms)[0m  [1m[31mrollback transaction[0m
  [1m[35m (0.0ms)[0m  [1m[36mbegin transaction[0m
  [1m[35mSQL (4.0ms)[0m  [1m[32mINSERT INTO "restaurants" ("title", "user_id", "address", "telephone", "created_at", "updated_at") VALUES (?, ?, ?, ?, ?, ?)[0m  [["title", "mofitex's pizzas"], ["user_id", 1], ["address", "calle 1"], ["telephone", 610210293.0], ["created_at", "2019-01-09 17:33:11.342521"], ["updated_at", "2019-01-09 17:33:11.342521"]]
  [1m[35m (7.0ms)[0m  [1m[36mcommit transaction[0m
  [1m[35m (0.0ms)[0m  [1m[36mbegin transaction[0m
  [1m[35mSQL (6.0ms)[0m  [1m[32mINSERT INTO "restaurants" ("title", "user_id", "address", "telephone", "created_at", "updated_at") VALUES (?, ?, ?, ?, ?, ?)[0m  [["title", "Deki's pizzas"], ["user_id", 2], ["address", "calle 2"], ["telephone", 693583094.0], ["created_at", "2019-01-09 17:33:11.356514"], ["updated_at", "2019-01-09 17:33:11.356514"]]
  [1m[35m (6.0ms)[0m  [1m[36mcommit transaction[0m
  [1m[35m (0.0ms)[0m  [1m[36mbegin transaction[0m
  [1m[35mSQL (6.0ms)[0m  [1m[32mINSERT INTO "restaurants" ("title", "address", "telephone", "created_at", "updated_at") VALUES (?, ?, ?, ?, ?)[0m  [["title", "qwerty's pizzas"], ["address", "calle 3"], ["telephone", 602893492.0], ["created_at", "2019-01-09 17:33:11.371504"], ["updated_at", "2019-01-09 17:33:11.371504"]]
  [1m[35m (10.0ms)[0m  [1m[36mcommit transaction[0m
  [1m[35m (0.0ms)[0m  [1m[36mbegin transaction[0m
  [1m[35mSQL (6.0ms)[0m  [1m[32mINSERT INTO "comments" ("title", "text", "score", "user_id", "created_at", "updated_at") VALUES (?, ?, ?, ?, ?, ?)[0m  [["title", "basura de pizzas"], ["text", "la peor pizza que he probado..."], ["score", 0.0], ["user_id", 1], ["created_at", "2019-01-09 17:33:11.401488"], ["updated_at", "2019-01-09 17:33:11.401488"]]
  [1m[35m (10.0ms)[0m  [1m[36mcommit transaction[0m
  [1m[35m (0.0ms)[0m  [1m[36mbegin transaction[0m
  [1m[35mSQL (4.0ms)[0m  [1m[32mINSERT INTO "comments" ("title", "text", "score", "user_id", "created_at", "updated_at") VALUES (?, ?, ?, ?, ?, ?)[0m  [["title", "asdf"], ["text", "no esta mal, le falta sal"], ["score", 9.0], ["user_id", 2], ["created_at", "2019-01-09 17:33:11.420477"], ["updated_at", "2019-01-09 17:33:11.420477"]]
  [1m[35m (12.0ms)[0m  [1m[36mcommit transaction[0m
  [1m[35m (0.0ms)[0m  [1m[36mbegin transaction[0m
  [1m[35mSQL (6.0ms)[0m  [1m[32mINSERT INTO "comments" ("title", "text", "score", "created_at", "updated_at") VALUES (?, ?, ?, ?, ?)[0m  [["title", "la mejor pizza :D"], ["text", "best pizza EUW"], ["score", 10.0], ["created_at", "2019-01-09 17:33:11.439466"], ["updated_at", "2019-01-09 17:33:11.439466"]]
  [1m[35m (7.0ms)[0m  [1m[36mcommit transaction[0m
  [1m[36mUser Load (0.0ms)[0m  [1m[34mSELECT  "users".* FROM "users" LIMIT ?[0m  [["LIMIT", 11]]
  [1m[35m (0.0ms)[0m  [1m[34mSELECT "schema_migrations"."version" FROM "schema_migrations" ORDER BY "schema_migrations"."version" ASC[0m
  [1m[35mSQL (46.9ms)[0m  [1m[31mDELETE FROM "users"[0m
  [1m[35m (0.0ms)[0m  [1m[34mSELECT sqlite_version(*)[0m
  [1m[35m (19.8ms)[0m  [1m[35mCREATE TABLE "schema_migrations" ("version" varchar NOT NULL PRIMARY KEY)[0m
  [1m[35m (21.0ms)[0m  [1m[35mCREATE TABLE "ar_internal_metadata" ("key" varchar NOT NULL PRIMARY KEY, "value" varchar, "created_at" datetime NOT NULL, "updated_at" datetime NOT NULL)[0m
  [1m[35m (0.0ms)[0m  [1m[34mSELECT "schema_migrations"."version" FROM "schema_migrations" ORDER BY "schema_migrations"."version" ASC[0m
Migrating to CreateUsers (20190109164335)
  [1m[35m (0.0ms)[0m  [1m[36mbegin transaction[0m
  [1m[35m (0.0ms)[0m  [1m[35mCREATE TABLE "users" ("id" INTEGER PRIMARY KEY AUTOINCREMENT NOT NULL, "email" varchar, "password" varchar, "username" varchar, "admin" boolean, "created_at" datetime NOT NULL, "updated_at" datetime NOT NULL)[0m
  [1m[35mSQL (15.6ms)[0m  [1m[32mINSERT INTO "schema_migrations" ("version") VALUES (?)[0m  [["version", "20190109164335"]]
  [1m[35m (13.8ms)[0m  [1m[36mcommit transaction[0m
Migrating to CreateRestaurants (20190109164431)
  [1m[35m (0.0ms)[0m  [1m[36mbegin transaction[0m
  [1m[35m (5.0ms)[0m  [1m[35mCREATE TABLE "restaurants" ("id" INTEGER PRIMARY KEY AUTOINCREMENT NOT NULL, "title" varchar, "description" text, "user_id" integer, "address" varchar, "telephone" decimal, "created_at" datetime NOT NULL, "updated_at" datetime NOT NULL, CONSTRAINT "fk_rails_aef57e41ec"
FOREIGN KEY ("user_id")
  REFERENCES "users" ("id")
)[0m
  [1m[35m (1.0ms)[0m  [1m[35mCREATE  INDEX "index_restaurants_on_user_id" ON "restaurants" ("user_id")[0m
  [1m[35mSQL (1.0ms)[0m  [1m[32mINSERT INTO "schema_migrations" ("version") VALUES (?)[0m  [["version", "20190109164431"]]
  [1m[35m (13.0ms)[0m  [1m[36mcommit transaction[0m
Migrating to CreateComments (20190109172512)
  [1m[35m (1.0ms)[0m  [1m[36mbegin transaction[0m
  [1m[35m (4.0ms)[0m  [1m[35mCREATE TABLE "comments" ("id" INTEGER PRIMARY KEY AUTOINCREMENT NOT NULL, "title" varchar, "text" text, "score" decimal, "user_id" integer, "created_at" datetime NOT NULL, "updated_at" datetime NOT NULL, CONSTRAINT "fk_rails_03de2dc08c"
FOREIGN KEY ("user_id")
  REFERENCES "users" ("id")
)[0m
  [1m[35m (0.0ms)[0m  [1m[35mCREATE  INDEX "index_comments_on_user_id" ON "comments" ("user_id")[0m
  [1m[35mSQL (3.0ms)[0m  [1m[32mINSERT INTO "schema_migrations" ("version") VALUES (?)[0m  [["version", "20190109172512"]]
  [1m[35m (10.0ms)[0m  [1m[36mcommit transaction[0m
  [1m[36mActiveRecord::InternalMetadata Load (0.0ms)[0m  [1m[34mSELECT  "ar_internal_metadata".* FROM "ar_internal_metadata" WHERE "ar_internal_metadata"."key" = ? LIMIT ?[0m  [["key", "environment"], ["LIMIT", 1]]
  [1m[35m (0.0ms)[0m  [1m[36mbegin transaction[0m
  [1m[35mSQL (3.0ms)[0m  [1m[32mINSERT INTO "ar_internal_metadata" ("key", "value", "created_at", "updated_at") VALUES (?, ?, ?, ?)[0m  [["key", "environment"], ["value", "development"], ["created_at", "2019-01-09 17:34:25.542195"], ["updated_at", "2019-01-09 17:34:25.542195"]]
  [1m[35m (13.0ms)[0m  [1m[36mcommit transaction[0m
  [1m[35m (0.0ms)[0m  [1m[34mSELECT "schema_migrations"."version" FROM "schema_migrations" ORDER BY "schema_migrations"."version" ASC[0m
  [1m[35m (0.0ms)[0m  [1m[34m            SELECT sql
            FROM sqlite_master
            WHERE name='index_comments_on_user_id' AND type='index'
            UNION ALL
            SELECT sql
            FROM sqlite_temp_master
            WHERE name='index_comments_on_user_id' AND type='index'
[0m
  [1m[35m (0.0ms)[0m  [1m[34m            SELECT sql
            FROM sqlite_master
            WHERE name='index_restaurants_on_user_id' AND type='index'
            UNION ALL
            SELECT sql
            FROM sqlite_temp_master
            WHERE name='index_restaurants_on_user_id' AND type='index'
[0m
  [1m[35m (0.0ms)[0m  [1m[34mSELECT "schema_migrations"."version" FROM "schema_migrations" ORDER BY "schema_migrations"."version" ASC[0m
  [1m[35mSQL (0.0ms)[0m  [1m[31mDELETE FROM "users"[0m
  [1m[35mSQL (0.0ms)[0m  [1m[31mDELETE FROM "restaurants"[0m
  [1m[35mSQL (0.0ms)[0m  [1m[31mDELETE FROM "comments"[0m
  [1m[35m (0.0ms)[0m  [1m[36mbegin transaction[0m
  [1m[35mSQL (0.0ms)[0m  [1m[32mINSERT INTO "users" ("email", "password", "username", "admin", "created_at", "updated_at") VALUES (?, ?, ?, ?, ?, ?)[0m  [["email", "Mofitex16@gmail.com"], ["password", "12345aA"], ["username", "Mofitex"], ["admin", "t"], ["created_at", "2019-01-09 17:34:33.480134"], ["updated_at", "2019-01-09 17:34:33.480134"]]
  [1m[35m (16.6ms)[0m  [1m[36mcommit transaction[0m
  [1m[35m (0.0ms)[0m  [1m[36mbegin transaction[0m
  [1m[35mSQL (5.0ms)[0m  [1m[32mINSERT INTO "users" ("email", "password", "username", "admin", "created_at", "updated_at") VALUES (?, ?, ?, ?, ?, ?)[0m  [["email", "testmail@gmail.com"], ["password", "12345aA"], ["username", "Deki"], ["admin", "t"], ["created_at", "2019-01-09 17:34:33.497685"], ["updated_at", "2019-01-09 17:34:33.497685"]]
  [1m[35m (9.0ms)[0m  [1m[36mcommit transaction[0m
  [1m[35m (0.0ms)[0m  [1m[36mbegin transaction[0m
  [1m[35mSQL (5.0ms)[0m  [1m[32mINSERT INTO "users" ("email", "password", "username", "admin", "created_at", "updated_at") VALUES (?, ?, ?, ?, ?, ?)[0m  [["email", "testmail2@gmail.com"], ["password", "1234"], ["username", "PlebUser"], ["admin", "t"], ["created_at", "2019-01-09 17:34:33.514696"], ["updated_at", "2019-01-09 17:34:33.514696"]]
  [1m[35m (13.0ms)[0m  [1m[36mcommit transaction[0m
  [1m[35m (0.0ms)[0m  [1m[36mbegin transaction[0m
  [1m[35mSQL (5.0ms)[0m  [1m[32mINSERT INTO "restaurants" ("title", "user_id", "address", "telephone", "created_at", "updated_at") VALUES (?, ?, ?, ?, ?, ?)[0m  [["title", "mofitex's pizzas"], ["user_id", 1], ["address", "calle 1"], ["telephone", 610210293.0], ["created_at", "2019-01-09 17:34:33.558650"], ["updated_at", "2019-01-09 17:34:33.558650"]]
  [1m[35m (9.0ms)[0m  [1m[36mcommit transaction[0m
  [1m[35m (0.0ms)[0m  [1m[36mbegin transaction[0m
  [1m[35mSQL (4.0ms)[0m  [1m[32mINSERT INTO "restaurants" ("title", "user_id", "address", "telephone", "created_at", "updated_at") VALUES (?, ?, ?, ?, ?, ?)[0m  [["title", "Deki's pizzas"], ["user_id", 2], ["address", "calle 2"], ["telephone", 693583094.0], ["created_at", "2019-01-09 17:34:33.573641"], ["updated_at", "2019-01-09 17:34:33.573641"]]
  [1m[35m (10.0ms)[0m  [1m[36mcommit transaction[0m
  [1m[35m (0.0ms)[0m  [1m[36mbegin transaction[0m
  [1m[35mSQL (5.0ms)[0m  [1m[32mINSERT INTO "restaurants" ("title", "user_id", "address", "telephone", "created_at", "updated_at") VALUES (?, ?, ?, ?, ?, ?)[0m  [["title", "qwerty's pizzas"], ["user_id", 3], ["address", "calle 3"], ["telephone", 602893492.0], ["created_at", "2019-01-09 17:34:33.590632"], ["updated_at", "2019-01-09 17:34:33.590632"]]
  [1m[35m (11.0ms)[0m  [1m[36mcommit transaction[0m
  [1m[35m (0.0ms)[0m  [1m[36mbegin transaction[0m
  [1m[35mSQL (4.0ms)[0m  [1m[32mINSERT INTO "comments" ("title", "text", "score", "user_id", "created_at", "updated_at") VALUES (?, ?, ?, ?, ?, ?)[0m  [["title", "basura de pizzas"], ["text", "la peor pizza que he probado..."], ["score", 0.0], ["user_id", 1], ["created_at", "2019-01-09 17:34:33.622613"], ["updated_at", "2019-01-09 17:34:33.622613"]]
  [1m[35m (12.0ms)[0m  [1m[36mcommit transaction[0m
  [1m[35m (0.0ms)[0m  [1m[36mbegin transaction[0m
  [1m[35mSQL (4.0ms)[0m  [1m[32mINSERT INTO "comments" ("title", "text", "score", "user_id", "created_at", "updated_at") VALUES (?, ?, ?, ?, ?, ?)[0m  [["title", "asdf"], ["text", "no esta mal, le falta sal"], ["score", 9.0], ["user_id", 2], ["created_at", "2019-01-09 17:34:33.640603"], ["updated_at", "2019-01-09 17:34:33.640603"]]
  [1m[35m (12.0ms)[0m  [1m[36mcommit transaction[0m
  [1m[35m (0.0ms)[0m  [1m[36mbegin transaction[0m
  [1m[35mSQL (6.0ms)[0m  [1m[32mINSERT INTO "comments" ("title", "text", "score", "user_id", "created_at", "updated_at") VALUES (?, ?, ?, ?, ?, ?)[0m  [["title", "la mejor pizza :D"], ["text", "best pizza EUW"], ["score", 10.0], ["user_id", 3], ["created_at", "2019-01-09 17:34:33.658592"], ["updated_at", "2019-01-09 17:34:33.658592"]]
  [1m[35m (7.0ms)[0m  [1m[36mcommit transaction[0m
  [1m[36mUser Load (0.0ms)[0m  [1m[34mSELECT  "users".* FROM "users" LIMIT ?[0m  [["LIMIT", 11]]
  [1m[35m (0.0ms)[0m  [1m[34mSELECT sqlite_version(*)[0m
  [1m[35m (16.0ms)[0m  [1m[35mCREATE TABLE "schema_migrations" ("version" varchar NOT NULL PRIMARY KEY)[0m
  [1m[35m (17.0ms)[0m  [1m[35mCREATE TABLE "ar_internal_metadata" ("key" varchar NOT NULL PRIMARY KEY, "value" varchar, "created_at" datetime NOT NULL, "updated_at" datetime NOT NULL)[0m
  [1m[35m (0.0ms)[0m  [1m[34mSELECT "schema_migrations"."version" FROM "schema_migrations" ORDER BY "schema_migrations"."version" ASC[0m
Migrating to CreateUsers (20190109164335)
  [1m[35m (0.0ms)[0m  [1m[36mbegin transaction[0m
  [1m[35m (0.0ms)[0m  [1m[35mCREATE TABLE "users" ("id" INTEGER PRIMARY KEY AUTOINCREMENT NOT NULL, "email" varchar, "password" varchar, "username" varchar, "admin" boolean, "created_at" datetime NOT NULL, "updated_at" datetime NOT NULL)[0m
  [1m[35mSQL (0.0ms)[0m  [1m[32mINSERT INTO "schema_migrations" ("version") VALUES (?)[0m  [["version", "20190109164335"]]
  [1m[35m (26.4ms)[0m  [1m[36mcommit transaction[0m
Migrating to CreateRestaurants (20190109164431)
  [1m[35m (0.0ms)[0m  [1m[36mbegin transaction[0m
  [1m[35m (11.0ms)[0m  [1m[35mCREATE TABLE "restaurants" ("id" INTEGER PRIMARY KEY AUTOINCREMENT NOT NULL, "title" varchar, "description" text, "user_id" integer, "address" varchar, "telephone" decimal, "created_at" datetime NOT NULL, "updated_at" datetime NOT NULL, CONSTRAINT "fk_rails_aef57e41ec"
FOREIGN KEY ("user_id")
  REFERENCES "users" ("id")
)[0m
  [1m[35m (1.0ms)[0m  [1m[35mCREATE  INDEX "index_restaurants_on_user_id" ON "restaurants" ("user_id")[0m
  [1m[35mSQL (0.0ms)[0m  [1m[32mINSERT INTO "schema_migrations" ("version") VALUES (?)[0m  [["version", "20190109164431"]]
  [1m[35m (13.0ms)[0m  [1m[36mcommit transaction[0m
Migrating to CreateComments (20190109172512)
  [1m[35m (0.0ms)[0m  [1m[36mbegin transaction[0m
  [1m[35m (4.0ms)[0m  [1m[35mCREATE TABLE "comments" ("id" INTEGER PRIMARY KEY AUTOINCREMENT NOT NULL, "title" varchar, "text" text, "score" decimal, "user_id" integer, "created_at" datetime NOT NULL, "updated_at" datetime NOT NULL, CONSTRAINT "fk_rails_03de2dc08c"
FOREIGN KEY ("user_id")
  REFERENCES "users" ("id")
)[0m
  [1m[35m (0.0ms)[0m  [1m[35mCREATE  INDEX "index_comments_on_user_id" ON "comments" ("user_id")[0m
  [1m[35mSQL (0.0ms)[0m  [1m[32mINSERT INTO "schema_migrations" ("version") VALUES (?)[0m  [["version", "20190109172512"]]
  [1m[35m (7.0ms)[0m  [1m[36mcommit transaction[0m
  [1m[36mActiveRecord::InternalMetadata Load (2.0ms)[0m  [1m[34mSELECT  "ar_internal_metadata".* FROM "ar_internal_metadata" WHERE "ar_internal_metadata"."key" = ? LIMIT ?[0m  [["key", "environment"], ["LIMIT", 1]]
  [1m[35m (1.0ms)[0m  [1m[36mbegin transaction[0m
  [1m[35mSQL (5.0ms)[0m  [1m[32mINSERT INTO "ar_internal_metadata" ("key", "value", "created_at", "updated_at") VALUES (?, ?, ?, ?)[0m  [["key", "environment"], ["value", "development"], ["created_at", "2019-01-09 17:36:51.937376"], ["updated_at", "2019-01-09 17:36:51.937376"]]
  [1m[35m (8.0ms)[0m  [1m[36mcommit transaction[0m
  [1m[35m (0.0ms)[0m  [1m[34mSELECT "schema_migrations"."version" FROM "schema_migrations" ORDER BY "schema_migrations"."version" ASC[0m
  [1m[35m (0.0ms)[0m  [1m[34m            SELECT sql
            FROM sqlite_master
            WHERE name='index_comments_on_user_id' AND type='index'
            UNION ALL
            SELECT sql
            FROM sqlite_temp_master
            WHERE name='index_comments_on_user_id' AND type='index'
[0m
  [1m[35m (0.0ms)[0m  [1m[34m            SELECT sql
            FROM sqlite_master
            WHERE name='index_restaurants_on_user_id' AND type='index'
            UNION ALL
            SELECT sql
            FROM sqlite_temp_master
            WHERE name='index_restaurants_on_user_id' AND type='index'
[0m
  [1m[35m (0.0ms)[0m  [1m[34mSELECT "schema_migrations"."version" FROM "schema_migrations" ORDER BY "schema_migrations"."version" ASC[0m
  [1m[35mSQL (0.0ms)[0m  [1m[31mDELETE FROM "users"[0m
  [1m[35mSQL (0.0ms)[0m  [1m[31mDELETE FROM "restaurants"[0m
  [1m[35mSQL (0.0ms)[0m  [1m[31mDELETE FROM "comments"[0m
  [1m[35m (0.0ms)[0m  [1m[36mbegin transaction[0m
  [1m[35mSQL (15.6ms)[0m  [1m[32mINSERT INTO "users" ("email", "password", "username", "admin", "created_at", "updated_at") VALUES (?, ?, ?, ?, ?, ?)[0m  [["email", "Mofitex16@gmail.com"], ["password", "12345aA"], ["username", "Mofitex"], ["admin", "t"], ["created_at", "2019-01-09 17:37:02.830229"], ["updated_at", "2019-01-09 17:37:02.830229"]]
  [1m[35m (15.6ms)[0m  [1m[36mcommit transaction[0m
  [1m[35m (0.0ms)[0m  [1m[36mbegin transaction[0m
  [1m[35mSQL (7.0ms)[0m  [1m[32mINSERT INTO "users" ("email", "password", "username", "admin", "created_at", "updated_at") VALUES (?, ?, ?, ?, ?, ?)[0m  [["email", "testmail@gmail.com"], ["password", "12345aA"], ["username", "Deki"], ["admin", "t"], ["created_at", "2019-01-09 17:37:02.862433"], ["updated_at", "2019-01-09 17:37:02.862433"]]
  [1m[35m (15.0ms)[0m  [1m[36mcommit transaction[0m
  [1m[35m (0.0ms)[0m  [1m[36mbegin transaction[0m
  [1m[35mSQL (7.0ms)[0m  [1m[32mINSERT INTO "users" ("email", "password", "username", "admin", "created_at", "updated_at") VALUES (?, ?, ?, ?, ?, ?)[0m  [["email", "testmail2@gmail.com"], ["password", "1234"], ["username", "PlebUser"], ["admin", "f"], ["created_at", "2019-01-09 17:37:02.888419"], ["updated_at", "2019-01-09 17:37:02.888419"]]
  [1m[35m (9.0ms)[0m  [1m[36mcommit transaction[0m
  [1m[35m (0.0ms)[0m  [1m[36mbegin transaction[0m
  [1m[35mSQL (4.0ms)[0m  [1m[32mINSERT INTO "restaurants" ("title", "user_id", "address", "telephone", "created_at", "updated_at") VALUES (?, ?, ?, ?, ?, ?)[0m  [["title", "mofitex's pizzas"], ["user_id", 1], ["address", "calle 1"], ["telephone", 610210293.0], ["created_at", "2019-01-09 17:37:02.940389"], ["updated_at", "2019-01-09 17:37:02.940389"]]
  [1m[35m (10.0ms)[0m  [1m[36mcommit transaction[0m
  [1m[35m (0.0ms)[0m  [1m[36mbegin transaction[0m
  [1m[35mSQL (4.0ms)[0m  [1m[32mINSERT INTO "restaurants" ("title", "user_id", "address", "telephone", "created_at", "updated_at") VALUES (?, ?, ?, ?, ?, ?)[0m  [["title", "Deki's pizzas"], ["user_id", 2], ["address", "calle 2"], ["telephone", 693583094.0], ["created_at", "2019-01-09 17:37:02.955381"], ["updated_at", "2019-01-09 17:37:02.955381"]]
  [1m[35m (5.0ms)[0m  [1m[36mcommit transaction[0m
  [1m[35m (0.0ms)[0m  [1m[36mbegin transaction[0m
  [1m[35mSQL (2.0ms)[0m  [1m[32mINSERT INTO "restaurants" ("title", "user_id", "address", "telephone", "created_at", "updated_at") VALUES (?, ?, ?, ?, ?, ?)[0m  [["title", "qwerty's pizzas"], ["user_id", 3], ["address", "calle 3"], ["telephone", 602893492.0], ["created_at", "2019-01-09 17:37:02.968373"], ["updated_at", "2019-01-09 17:37:02.968373"]]
  [1m[35m (7.0ms)[0m  [1m[36mcommit transaction[0m
  [1m[35m (0.0ms)[0m  [1m[36mbegin transaction[0m
  [1m[35mSQL (4.0ms)[0m  [1m[32mINSERT INTO "comments" ("title", "text", "score", "user_id", "created_at", "updated_at") VALUES (?, ?, ?, ?, ?, ?)[0m  [["title", "basura de pizzas"], ["text", "la peor pizza que he probado..."], ["score", 0.0], ["user_id", 1], ["created_at", "2019-01-09 17:37:02.999356"], ["updated_at", "2019-01-09 17:37:02.999356"]]
  [1m[35m (7.0ms)[0m  [1m[36mcommit transaction[0m
  [1m[35m (0.0ms)[0m  [1m[36mbegin transaction[0m
  [1m[35mSQL (2.0ms)[0m  [1m[32mINSERT INTO "comments" ("title", "text", "score", "user_id", "created_at", "updated_at") VALUES (?, ?, ?, ?, ?, ?)[0m  [["title", "asdf"], ["text", "no esta mal, le falta sal"], ["score", 9.0], ["user_id", 2], ["created_at", "2019-01-09 17:37:03.013348"], ["updated_at", "2019-01-09 17:37:03.013348"]]
  [1m[35m (9.0ms)[0m  [1m[36mcommit transaction[0m
  [1m[35m (1.0ms)[0m  [1m[36mbegin transaction[0m
  [1m[35mSQL (7.0ms)[0m  [1m[32mINSERT INTO "comments" ("title", "text", "score", "user_id", "created_at", "updated_at") VALUES (?, ?, ?, ?, ?, ?)[0m  [["title", "la mejor pizza :D"], ["text", "best pizza EUW"], ["score", 10.0], ["user_id", 3], ["created_at", "2019-01-09 17:37:03.027340"], ["updated_at", "2019-01-09 17:37:03.027340"]]
  [1m[35m (9.0ms)[0m  [1m[36mcommit transaction[0m
  [1m[36mUser Load (0.0ms)[0m  [1m[34mSELECT  "users".* FROM "users" LIMIT ?[0m  [["LIMIT", 11]]
  [1m[35m (0.0ms)[0m  [1m[34mSELECT sqlite_version(*)[0m
  [1m[35m (15.6ms)[0m  [1m[35mCREATE TABLE "schema_migrations" ("version" varchar NOT NULL PRIMARY KEY)[0m
  [1m[35m (0.0ms)[0m  [1m[35mCREATE TABLE "ar_internal_metadata" ("key" varchar NOT NULL PRIMARY KEY, "value" varchar, "created_at" datetime NOT NULL, "updated_at" datetime NOT NULL)[0m
  [1m[35m (0.0ms)[0m  [1m[34mSELECT "schema_migrations"."version" FROM "schema_migrations" ORDER BY "schema_migrations"."version" ASC[0m
Migrating to CreateUsers (20190109164335)
  [1m[35m (0.0ms)[0m  [1m[36mbegin transaction[0m
  [1m[35m (15.6ms)[0m  [1m[35mCREATE TABLE "users" ("id" INTEGER PRIMARY KEY AUTOINCREMENT NOT NULL, "email" varchar, "password" varchar, "username" varchar, "admin" boolean, "created_at" datetime NOT NULL, "updated_at" datetime NOT NULL)[0m
  [1m[35mSQL (0.0ms)[0m  [1m[32mINSERT INTO "schema_migrations" ("version") VALUES (?)[0m  [["version", "20190109164335"]]
  [1m[35m (0.0ms)[0m  [1m[36mcommit transaction[0m
Migrating to CreateRestaurants (20190109164431)
  [1m[35m (0.0ms)[0m  [1m[36mbegin transaction[0m
  [1m[35m (0.0ms)[0m  [1m[35mCREATE TABLE "restaurants" ("id" INTEGER PRIMARY KEY AUTOINCREMENT NOT NULL, "title" varchar, "description" text, "user_id" integer, "address" varchar, "telephone" decimal, "created_at" datetime NOT NULL, "updated_at" datetime NOT NULL, CONSTRAINT "fk_rails_aef57e41ec"
FOREIGN KEY ("user_id")
  REFERENCES "users" ("id")
)[0m
  [1m[35m (0.0ms)[0m  [1m[35mCREATE  INDEX "index_restaurants_on_user_id" ON "restaurants" ("user_id")[0m
  [1m[35mSQL (0.0ms)[0m  [1m[32mINSERT INTO "schema_migrations" ("version") VALUES (?)[0m  [["version", "20190109164431"]]
  [1m[35m (15.6ms)[0m  [1m[36mcommit transaction[0m
Migrating to CreateComments (20190109172512)
  [1m[35m (0.0ms)[0m  [1m[36mbegin transaction[0m
  [1m[35m (15.6ms)[0m  [1m[35mCREATE TABLE "comments" ("id" INTEGER PRIMARY KEY AUTOINCREMENT NOT NULL, "title" varchar, "text" text, "score" decimal, "user_id" integer, "restaurant_id" integer, "created_at" datetime NOT NULL, "updated_at" datetime NOT NULL, CONSTRAINT "fk_rails_03de2dc08c"
FOREIGN KEY ("user_id")
  REFERENCES "users" ("id")
, CONSTRAINT "fk_rails_1b0c29f17e"
FOREIGN KEY ("restaurant_id")
  REFERENCES "restaurants" ("id")
)[0m
  [1m[35m (0.0ms)[0m  [1m[35mCREATE  INDEX "index_comments_on_user_id" ON "comments" ("user_id")[0m
  [1m[35m (0.0ms)[0m  [1m[34m            SELECT sql
            FROM sqlite_master
            WHERE name='index_comments_on_user_id' AND type='index'
            UNION ALL
            SELECT sql
            FROM sqlite_temp_master
            WHERE name='index_comments_on_user_id' AND type='index'
[0m
  [1m[35m (0.0ms)[0m  [1m[35mCREATE  INDEX "index_comments_on_restaurant_id" ON "comments" ("restaurant_id")[0m
  [1m[35mSQL (0.0ms)[0m  [1m[32mINSERT INTO "schema_migrations" ("version") VALUES (?)[0m  [["version", "20190109172512"]]
  [1m[35m (15.6ms)[0m  [1m[36mcommit transaction[0m
Migrating to CreateSessions (20190109173842)
  [1m[35m (0.0ms)[0m  [1m[36mbegin transaction[0m
  [1m[35m (15.6ms)[0m  [1m[35mCREATE TABLE "sessions" ("id" INTEGER PRIMARY KEY AUTOINCREMENT NOT NULL, "created_at" datetime NOT NULL, "updated_at" datetime NOT NULL)[0m
  [1m[35mSQL (0.0ms)[0m  [1m[32mINSERT INTO "schema_migrations" ("version") VALUES (?)[0m  [["version", "20190109173842"]]
  [1m[35m (0.0ms)[0m  [1m[36mcommit transaction[0m
  [1m[36mActiveRecord::InternalMetadata Load (0.0ms)[0m  [1m[34mSELECT  "ar_internal_metadata".* FROM "ar_internal_metadata" WHERE "ar_internal_metadata"."key" = ? LIMIT ?[0m  [["key", "environment"], ["LIMIT", 1]]
  [1m[35m (0.0ms)[0m  [1m[36mbegin transaction[0m
  [1m[35mSQL (0.0ms)[0m  [1m[32mINSERT INTO "ar_internal_metadata" ("key", "value", "created_at", "updated_at") VALUES (?, ?, ?, ?)[0m  [["key", "environment"], ["value", "development"], ["created_at", "2019-01-09 17:53:26.488993"], ["updated_at", "2019-01-09 17:53:26.488993"]]
  [1m[35m (15.6ms)[0m  [1m[36mcommit transaction[0m
  [1m[35m (0.0ms)[0m  [1m[34mSELECT "schema_migrations"."version" FROM "schema_migrations" ORDER BY "schema_migrations"."version" ASC[0m
  [1m[35m (0.0ms)[0m  [1m[34m            SELECT sql
            FROM sqlite_master
            WHERE name='index_comments_on_restaurant_id' AND type='index'
            UNION ALL
            SELECT sql
            FROM sqlite_temp_master
            WHERE name='index_comments_on_restaurant_id' AND type='index'
[0m
  [1m[35m (0.0ms)[0m  [1m[34m            SELECT sql
            FROM sqlite_master
            WHERE name='index_comments_on_user_id' AND type='index'
            UNION ALL
            SELECT sql
            FROM sqlite_temp_master
            WHERE name='index_comments_on_user_id' AND type='index'
[0m
  [1m[35m (0.0ms)[0m  [1m[34m            SELECT sql
            FROM sqlite_master
            WHERE name='index_restaurants_on_user_id' AND type='index'
            UNION ALL
            SELECT sql
            FROM sqlite_temp_master
            WHERE name='index_restaurants_on_user_id' AND type='index'
[0m
  [1m[35m (0.0ms)[0m  [1m[34mSELECT "schema_migrations"."version" FROM "schema_migrations" ORDER BY "schema_migrations"."version" ASC[0m
  [1m[35mSQL (0.0ms)[0m  [1m[31mDELETE FROM "users"[0m
  [1m[35mSQL (0.0ms)[0m  [1m[31mDELETE FROM "restaurants"[0m
  [1m[35mSQL (0.0ms)[0m  [1m[31mDELETE FROM "comments"[0m
  [1m[35m (0.0ms)[0m  [1m[36mbegin transaction[0m
  [1m[35mSQL (0.0ms)[0m  [1m[32mINSERT INTO "users" ("email", "password", "username", "admin", "created_at", "updated_at") VALUES (?, ?, ?, ?, ?, ?)[0m  [["email", "Mofitex16@gmail.com"], ["password", "12345aA"], ["username", "Mofitex"], ["admin", "t"], ["created_at", "2019-01-09 17:53:34.441673"], ["updated_at", "2019-01-09 17:53:34.441673"]]
  [1m[35m (15.6ms)[0m  [1m[36mcommit transaction[0m
  [1m[35m (0.0ms)[0m  [1m[36mbegin transaction[0m
  [1m[35mSQL (0.0ms)[0m  [1m[32mINSERT INTO "users" ("email", "password", "username", "admin", "created_at", "updated_at") VALUES (?, ?, ?, ?, ?, ?)[0m  [["email", "testmail@gmail.com"], ["password", "12345aA"], ["username", "Deki"], ["admin", "t"], ["created_at", "2019-01-09 17:53:34.457312"], ["updated_at", "2019-01-09 17:53:34.457312"]]
  [1m[35m (15.6ms)[0m  [1m[36mcommit transaction[0m
  [1m[35m (0.0ms)[0m  [1m[36mbegin transaction[0m
  [1m[35mSQL (0.0ms)[0m  [1m[32mINSERT INTO "users" ("email", "password", "username", "admin", "created_at", "updated_at") VALUES (?, ?, ?, ?, ?, ?)[0m  [["email", "testmail2@gmail.com"], ["password", "1234"], ["username", "PlebUser"], ["admin", "f"], ["created_at", "2019-01-09 17:53:34.472933"], ["updated_at", "2019-01-09 17:53:34.472933"]]
  [1m[35m (15.6ms)[0m  [1m[36mcommit transaction[0m
  [1m[35m (0.0ms)[0m  [1m[36mbegin transaction[0m
  [1m[35mSQL (0.0ms)[0m  [1m[32mINSERT INTO "restaurants" ("title", "user_id", "address", "telephone", "created_at", "updated_at") VALUES (?, ?, ?, ?, ?, ?)[0m  [["title", "mofitex's pizzas"], ["user_id", 1], ["address", "calle 1"], ["telephone", 610210293.0], ["created_at", "2019-01-09 17:53:34.519792"], ["updated_at", "2019-01-09 17:53:34.519792"]]
  [1m[35m (15.6ms)[0m  [1m[36mcommit transaction[0m
  [1m[35m (0.0ms)[0m  [1m[36mbegin transaction[0m
  [1m[35mSQL (0.0ms)[0m  [1m[32mINSERT INTO "restaurants" ("title", "user_id", "address", "telephone", "created_at", "updated_at") VALUES (?, ?, ?, ?, ?, ?)[0m  [["title", "Deki's pizzas"], ["user_id", 2], ["address", "calle 2"], ["telephone", 693583094.0], ["created_at", "2019-01-09 17:53:34.535416"], ["updated_at", "2019-01-09 17:53:34.535416"]]
  [1m[35m (0.0ms)[0m  [1m[36mcommit transaction[0m
  [1m[35m (0.0ms)[0m  [1m[36mbegin transaction[0m
  [1m[35mSQL (0.0ms)[0m  [1m[32mINSERT INTO "restaurants" ("title", "user_id", "address", "telephone", "created_at", "updated_at") VALUES (?, ?, ?, ?, ?, ?)[0m  [["title", "qwerty's pizzas"], ["user_id", 3], ["address", "calle 3"], ["telephone", 602893492.0], ["created_at", "2019-01-09 17:53:34.551054"], ["updated_at", "2019-01-09 17:53:34.551054"]]
  [1m[35m (15.6ms)[0m  [1m[36mcommit transaction[0m
  [1m[35m (0.0ms)[0m  [1m[36mbegin transaction[0m
  [1m[35mSQL (0.0ms)[0m  [1m[32mINSERT INTO "comments" ("title", "text", "score", "user_id", "restaurant_id", "created_at", "updated_at") VALUES (?, ?, ?, ?, ?, ?, ?)[0m  [["title", "basura de pizzas"], ["text", "la peor pizza que he probado..."], ["score", 0.0], ["user_id", 1], ["restaurant_id", 1], ["created_at", "2019-01-09 17:53:34.582288"], ["updated_at", "2019-01-09 17:53:34.582288"]]
  [1m[35m (15.6ms)[0m  [1m[36mcommit transaction[0m
  [1m[35m (0.0ms)[0m  [1m[36mbegin transaction[0m
  [1m[35mSQL (0.0ms)[0m  [1m[32mINSERT INTO "comments" ("title", "text", "score", "user_id", "restaurant_id", "created_at", "updated_at") VALUES (?, ?, ?, ?, ?, ?, ?)[0m  [["title", "asdf"], ["text", "no esta mal, le falta sal"], ["score", 9.0], ["user_id", 2], ["restaurant_id", 2], ["created_at", "2019-01-09 17:53:34.597911"], ["updated_at", "2019-01-09 17:53:34.597911"]]
  [1m[35m (15.6ms)[0m  [1m[36mcommit transaction[0m
  [1m[35m (0.0ms)[0m  [1m[36mbegin transaction[0m
  [1m[35mSQL (0.0ms)[0m  [1m[32mINSERT INTO "comments" ("title", "text", "score", "user_id", "restaurant_id", "created_at", "updated_at") VALUES (?, ?, ?, ?, ?, ?, ?)[0m  [["title", "la mejor pizza :D"], ["text", "best pizza EUW"], ["score", 10.0], ["user_id", 3], ["restaurant_id", 3], ["created_at", "2019-01-09 17:53:34.613535"], ["updated_at", "2019-01-09 17:53:34.613535"]]
  [1m[35m (15.6ms)[0m  [1m[36mcommit transaction[0m
  [1m[36mUser Load (0.0ms)[0m  [1m[34mSELECT  "users".* FROM "users" LIMIT ?[0m  [["LIMIT", 11]]
  [1m[36mRestaurant Load (0.0ms)[0m  [1m[34mSELECT  "restaurants".* FROM "restaurants" LIMIT ?[0m  [["LIMIT", 11]]
  [1m[36mComment Load (0.0ms)[0m  [1m[34mSELECT  "comments".* FROM "comments" LIMIT ?[0m  [["LIMIT", 11]]
